<?xml version="1.0" encoding="UTF-8"?>
<!-- Generated by org.testng.reporters.JUnitReportReporter -->
<testsuite hostname="MBP-RAM.local" failures="0" tests="1" name="Day5.Interacting_with_Web_Elements_Date_Operations" time="26.008" errors="0" timestamp="2022-08-04T14:50:34 AST" skipped="0">
  <testcase classname="Day5.Interacting_with_Web_Elements_Date_Operations" name="date" time="26.008"/>
  <system-out/>
</testsuite> <!-- Day5.Interacting_with_Web_Elements_Date_Operations -->
