<?xml version="1.0" encoding="UTF-8"?>
<!-- Generated by org.testng.reporters.JUnitReportReporter -->
<testsuite hostname="MBP-RAM.local" failures="0" tests="1" name="Day4.Copy_and_Paste_a_Web_Element_Value" time="37.586" errors="0" timestamp="2022-08-03T14:14:06 AST" skipped="0">
  <testcase classname="Day4.Copy_and_Paste_a_Web_Element_Value" name="events" time="37.586"/>
  <system-out/>
</testsuite> <!-- Day4.Copy_and_Paste_a_Web_Element_Value -->
