<?xml version="1.0" encoding="UTF-8"?>
<!-- Generated by org.testng.reporters.JUnitReportReporter -->
<testsuite hostname="MBP-RAM.local" failures="0" tests="1" name="Day3.How_to_Login_using_CSSSelector" time="44.507" errors="0" timestamp="2022-08-02T18:02:46 AST" skipped="0">
  <testcase classname="Day3.How_to_Login_using_CSSSelector" name="CssSelector" time="44.507"/>
  <system-out/>
</testsuite> <!-- Day3.How_to_Login_using_CSSSelector -->
