<?xml version="1.0" encoding="UTF-8"?>
<!-- Generated by org.testng.reporters.JUnitReportReporter -->
<testsuite hostname="MBP-RAM.local" failures="0" tests="1" name="Day5.Practice" time="38.460" errors="0" timestamp="2022-08-06T03:20:52 AST" skipped="0">
  <testcase classname="Day5.Practice" name="main" time="38.460"/>
  <system-out/>
</testsuite> <!-- Day5.Practice -->
