<?xml version="1.0" encoding="UTF-8"?>
<!-- Generated by org.testng.reporters.JUnitReportReporter -->
<testsuite hostname="MBP-RAM.local" failures="0" tests="1" name="Day1.How_to_Return_Key_after_Entering_a_Value_in_Text" time="33.801" errors="0" timestamp="2022-07-31T11:34:09 AST" skipped="0">
  <testcase classname="Day1.How_to_Return_Key_after_Entering_a_Value_in_Text" name="xPath" time="33.801"/>
  <system-out/>
</testsuite> <!-- Day1.How_to_Return_Key_after_Entering_a_Value_in_Text -->
