<?xml version="1.0" encoding="UTF-8"?>
<!-- Generated by org.testng.reporters.JUnitReportReporter -->
<testsuite hostname="MBP-RAM.local" failures="0" tests="1" name="Day1.How_to_Read_a_Text_from_a_Disabled_Text_Field" time="19.631" errors="0" timestamp="2022-07-31T10:59:23 AST" skipped="0">
  <testcase classname="Day1.How_to_Read_a_Text_from_a_Disabled_Text_Field" name="xPath" time="19.631"/>
  <system-out/>
</testsuite> <!-- Day1.How_to_Read_a_Text_from_a_Disabled_Text_Field -->
