<?xml version="1.0" encoding="UTF-8"?>
<!-- Generated by org.testng.reporters.JUnitReportReporter -->
<testsuite hostname="MBP-RAM.local" failures="0" tests="1" name="Day3.Working_with_CSSSelector_Tag_and_Class" time="77.771" errors="0" timestamp="2022-08-02T15:38:00 AST" skipped="0">
  <testcase classname="Day3.Working_with_CSSSelector_Tag_and_Class" name="CssSelector" time="77.771"/>
  <system-out/>
</testsuite> <!-- Day3.Working_with_CSSSelector_Tag_and_Class -->
