<?xml version="1.0" encoding="UTF-8"?>
<!-- Generated by org.testng.reporters.JUnitReportReporter -->
<testsuite hostname="MBP-RAM.local" failures="0" tests="1" name="Day4.Working_with_web_Crawler_using_Selenium" time="59.936" errors="0" timestamp="2022-08-03T16:29:30 AST" skipped="0">
  <testcase classname="Day4.Working_with_web_Crawler_using_Selenium" name="events" time="59.936"/>
  <system-out/>
</testsuite> <!-- Day4.Working_with_web_Crawler_using_Selenium -->
