<?xml version="1.0" encoding="UTF-8"?>
<!-- Generated by org.testng.reporters.JUnitReportReporter -->
<testsuite hostname="MBP-RAM.local" failures="0" tests="1" name="Day2.Working_with_Checkboxes_Using_a_Button_Click" time="29.351" errors="0" timestamp="2022-08-01T12:23:39 AST" skipped="0">
  <testcase classname="Day2.Working_with_Checkboxes_Using_a_Button_Click" name="XPath" time="29.351"/>
  <system-out/>
</testsuite> <!-- Day2.Working_with_Checkboxes_Using_a_Button_Click -->
