<?xml version="1.0" encoding="UTF-8"?>
<!-- Generated by org.testng.reporters.JUnitReportReporter -->
<testsuite hostname="MBP-RAM.local" failures="0" tests="1" name="Day4.Working_with_keyUp_and_keyDown" time="68.105" errors="0" timestamp="2022-08-03T11:54:26 AST" skipped="0">
  <testcase classname="Day4.Working_with_keyUp_and_keyDown" name="CssSelector" time="68.105"/>
  <system-out/>
</testsuite> <!-- Day4.Working_with_keyUp_and_keyDown -->
