<?xml version="1.0" encoding="UTF-8"?>
<!-- Generated by org.testng.reporters.JUnitReportReporter -->
<testsuite hostname="MBP-RAM.local" failures="0" tests="1" name="Day5.DragandDrop" time="33.875" errors="0" timestamp="2022-08-06T03:24:02 AST" skipped="0">
  <testcase classname="Day5.DragandDrop" name="dragdrop" time="33.875"/>
  <system-out/>
</testsuite> <!-- Day5.DragandDrop -->
