<?xml version="1.0" encoding="UTF-8"?>
<!-- Generated by org.testng.reporters.JUnitReportReporter -->
<testsuite hostname="MBP-RAM.local" failures="0" tests="1" name="Day2.Working_with_the_Scrollbar" time="40.588" errors="0" timestamp="2022-08-01T13:19:22 AST" skipped="0">
  <testcase classname="Day2.Working_with_the_Scrollbar" name="XPath" time="40.588"/>
  <system-out/>
</testsuite> <!-- Day2.Working_with_the_Scrollbar -->
