<?xml version="1.0" encoding="UTF-8"?>
<!-- Generated by org.testng.reporters.JUnitReportReporter -->
<testsuite hostname="MBP-RAM.local" failures="0" tests="1" name="Day2.Interacting_with_Web_Elements_Scrolling_Techniques" time="37.460" errors="0" timestamp="2022-08-01T12:57:42 AST" skipped="0">
  <testcase classname="Day2.Interacting_with_Web_Elements_Scrolling_Techniques" name="XPath" time="37.460"/>
  <system-out/>
</testsuite> <!-- Day2.Interacting_with_Web_Elements_Scrolling_Techniques -->
