<?xml version="1.0" encoding="UTF-8"?>
<!-- Generated by org.testng.reporters.JUnitReportReporter -->
<testsuite hostname="MBP-RAM.local" failures="0" tests="1" name="Day2.Working_with_RadioButtons_using_RadioGroup_and_CSSSelector" time="34.949" errors="0" timestamp="2022-08-01T12:02:55 AST" skipped="0">
  <testcase classname="Day2.Working_with_RadioButtons_using_RadioGroup_and_CSSSelector" name="XPath" time="34.949"/>
  <system-out/>
</testsuite> <!-- Day2.Working_with_RadioButtons_using_RadioGroup_and_CSSSelector -->
