<?xml version="1.0" encoding="UTF-8"?>
<!-- Generated by org.testng.reporters.JUnitReportReporter -->
<testsuite hostname="MBP-RAM.local" failures="0" tests="1" name="Day2.GD" time="34.060" errors="0" timestamp="2022-08-01T16:00:45 AST" skipped="0">
  <testcase classname="Day2.GD" name="any" time="34.060"/>
  <system-out/>
</testsuite> <!-- Day2.GD -->
