<?xml version="1.0" encoding="UTF-8"?>
<!-- Generated by org.testng.reporters.JUnitReportReporter -->
<testsuite hostname="MBP-RAM.local" failures="0" tests="1" name="Day3.Working_with_CSSSelector_Tag_and_ID" time="36.418" errors="0" timestamp="2022-08-02T15:27:21 AST" skipped="0">
  <testcase classname="Day3.Working_with_CSSSelector_Tag_and_ID" name="CssSelector" time="36.418"/>
  <system-out/>
</testsuite> <!-- Day3.Working_with_CSSSelector_Tag_and_ID -->
