<?xml version="1.0" encoding="UTF-8"?>
<!-- Generated by org.testng.reporters.JUnitReportReporter -->
<testsuite hostname="MBP-RAM.local" failures="0" tests="1" name="Day1.Verifying_Whether_a_Button_is_Enabled_or_Disabled" time="18.347" errors="0" timestamp="2022-07-31T14:35:07 AST" skipped="0">
  <testcase classname="Day1.Verifying_Whether_a_Button_is_Enabled_or_Disabled" name="xPath" time="18.347"/>
  <system-out/>
</testsuite> <!-- Day1.Verifying_Whether_a_Button_is_Enabled_or_Disabled -->
